[debug] [2019-08-07T13:07:27.721Z] ----------------------------------------------------------------------
[debug] [2019-08-07T13:07:27.729Z] Command:       C:\Program Files\nodejs\node.exe C:\Users\warrior\AppData\Roaming\npm\node_modules\firebase-tools\lib\bin\firebase.js init functions
[debug] [2019-08-07T13:07:27.729Z] CLI Version:   7.2.2
[debug] [2019-08-07T13:07:27.730Z] Platform:      win32
[debug] [2019-08-07T13:07:27.730Z] Node Version:  v10.15.1
[debug] [2019-08-07T13:07:27.734Z] Time:          Wed Aug 07 2019 18:37:27 GMT+0530 (India Standard Time)
[debug] [2019-08-07T13:07:27.734Z] ----------------------------------------------------------------------
[debug] 
[debug] [2019-08-07T13:07:27.779Z] > command requires scopes: ["email","openid","https://www.googleapis.com/auth/cloudplatformprojects.readonly","https://www.googleapis.com/auth/firebase","https://www.googleapis.com/auth/cloud-platform"]
[debug] [2019-08-07T13:07:27.780Z] > authorizing via signed-in user
[info] 
     ######## #### ########  ######## ########     ###     ######  ########
     ##        ##  ##     ## ##       ##     ##  ##   ##  ##       ##
     ######    ##  ########  ######   ########  #########  ######  ######
     ##        ##  ##    ##  ##       ##     ## ##     ##       ## ##
     ##       #### ##     ## ######## ########  ##     ##  ######  ########

You're about to initialize a Firebase project in this directory:

  D:\host

[info] 
=== Project Setup
[info] 
[info] First, let's associate this project directory with a Firebase project.
[info] You can create multiple project aliases by running firebase use --add, 
[info] but for now we'll just set up a default project.
[info] 
[debug] [2019-08-07T13:07:47.269Z] > refreshing access token with scopes: ["email","https://www.googleapis.com/auth/cloud-platform","https://www.googleapis.com/auth/cloudplatformprojects.readonly","https://www.googleapis.com/auth/firebase","openid"]
[debug] [2019-08-07T13:07:47.270Z] >>> HTTP REQUEST POST https://www.googleapis.com/oauth2/v3/token  
 <request body omitted>
[debug] [2019-08-07T13:07:47.869Z] <<< HTTP RESPONSE 200
[debug] [2019-08-07T13:07:47.880Z] >>> HTTP REQUEST GET https://firebase.googleapis.com/v1beta1/projects?page_size=100  
 
[debug] [2019-08-07T13:07:49.466Z] <<< HTTP RESPONSE 200
[debug] [2019-08-07T13:07:52.288Z] Error: kill ENOSYS
    at process.kill (internal/process/per_thread.js:198:13)
    at process.listener (C:\Users\warrior\AppData\Roaming\npm\node_modules\firebase-tools\node_modules\signal-exit\index.js:95:15)
    at process.emit (events.js:189:13)
[error] 
[error] Error: An unexpected error has occurred.
